{"total": {"lines":{"total":642,"covered":434,"skipped":0,"pct":67.6},"statements":{"total":642,"covered":434,"skipped":0,"pct":67.6},"functions":{"total":24,"covered":19,"skipped":0,"pct":79.16},"branches":{"total":48,"covered":30,"skipped":0,"pct":62.5},"branchesTrue":{"total":0,"covered":0,"skipped":0,"pct":100}}
,"C:\\Users\\ASUS\\Desktop\\distrbuted PM2\\pm3-integration\\services\\metrics\\ecosystem.config.cjs": {"lines":{"total":16,"covered":0,"skipped":0,"pct":0},"functions":{"total":1,"covered":0,"skipped":0,"pct":0},"statements":{"total":16,"covered":0,"skipped":0,"pct":0},"branches":{"total":1,"covered":0,"skipped":0,"pct":0}}
,"C:\\Users\\ASUS\\Desktop\\distrbuted PM2\\pm3-integration\\services\\metrics\\src\\server.js": {"lines":{"total":40,"covered":0,"skipped":0,"pct":0},"functions":{"total":1,"covered":0,"skipped":0,"pct":0},"statements":{"total":40,"covered":0,"skipped":0,"pct":0},"branches":{"total":1,"covered":0,"skipped":0,"pct":0}}
,"C:\\Users\\ASUS\\Desktop\\distrbuted PM2\\pm3-integration\\services\\metrics\\src\\api\\app.js": {"lines":{"total":26,"covered":20,"skipped":0,"pct":76.92},"functions":{"total":1,"covered":1,"skipped":0,"pct":100},"statements":{"total":26,"covered":20,"skipped":0,"pct":76.92},"branches":{"total":1,"covered":1,"skipped":0,"pct":100}}
,"C:\\Users\\ASUS\\Desktop\\distrbuted PM2\\pm3-integration\\services\\metrics\\src\\config\\env.js": {"lines":{"total":39,"covered":37,"skipped":0,"pct":94.87},"functions":{"total":0,"covered":0,"skipped":0,"pct":100},"statements":{"total":39,"covered":37,"skipped":0,"pct":94.87},"branches":{"total":4,"covered":3,"skipped":0,"pct":75}}
,"C:\\Users\\ASUS\\Desktop\\distrbuted PM2\\pm3-integration\\services\\metrics\\src\\db\\migrate.js": {"lines":{"total":33,"covered":23,"skipped":0,"pct":69.69},"functions":{"total":1,"covered":1,"skipped":0,"pct":100},"statements":{"total":33,"covered":23,"skipped":0,"pct":69.69},"branches":{"total":2,"covered":1,"skipped":0,"pct":50}}
,"C:\\Users\\ASUS\\Desktop\\distrbuted PM2\\pm3-integration\\services\\metrics\\src\\db\\pool.js": {"lines":{"total":8,"covered":8,"skipped":0,"pct":100},"functions":{"total":0,"covered":0,"skipped":0,"pct":100},"statements":{"total":8,"covered":8,"skipped":0,"pct":100},"branches":{"total":0,"covered":0,"skipped":0,"pct":100}}
,"C:\\Users\\ASUS\\Desktop\\distrbuted PM2\\pm3-integration\\services\\metrics\\src\\docs\\openapi.js": {"lines":{"total":77,"covered":77,"skipped":0,"pct":100},"functions":{"total":0,"covered":0,"skipped":0,"pct":100},"statements":{"total":77,"covered":77,"skipped":0,"pct":100},"branches":{"total":0,"covered":0,"skipped":0,"pct":100}}
,"C:\\Users\\ASUS\\Desktop\\distrbuted PM2\\pm3-integration\\services\\metrics\\src\\events\\kafka.js": {"lines":{"total":61,"covered":0,"skipped":0,"pct":0},"functions":{"total":1,"covered":0,"skipped":0,"pct":0},"statements":{"total":61,"covered":0,"skipped":0,"pct":0},"branches":{"total":1,"covered":0,"skipped":0,"pct":0}}
,"C:\\Users\\ASUS\\Desktop\\distrbuted PM2\\pm3-integration\\services\\metrics\\src\\events\\runtime-state.js": {"lines":{"total":41,"covered":31,"skipped":0,"pct":75.6},"functions":{"total":4,"covered":4,"skipped":0,"pct":100},"statements":{"total":41,"covered":31,"skipped":0,"pct":75.6},"branches":{"total":8,"covered":4,"skipped":0,"pct":50}}
,"C:\\Users\\ASUS\\Desktop\\distrbuted PM2\\pm3-integration\\services\\metrics\\src\\lib\\http.js": {"lines":{"total":49,"covered":49,"skipped":0,"pct":100},"functions":{"total":4,"covered":4,"skipped":0,"pct":100},"statements":{"total":49,"covered":49,"skipped":0,"pct":100},"branches":{"total":7,"covered":4,"skipped":0,"pct":57.14}}
,"C:\\Users\\ASUS\\Desktop\\distrbuted PM2\\pm3-integration\\services\\metrics\\src\\lib\\logger.js": {"lines":{"total":13,"covered":13,"skipped":0,"pct":100},"functions":{"total":1,"covered":1,"skipped":0,"pct":100},"statements":{"total":13,"covered":13,"skipped":0,"pct":100},"branches":{"total":2,"covered":1,"skipped":0,"pct":50}}
,"C:\\Users\\ASUS\\Desktop\\distrbuted PM2\\pm3-integration\\services\\metrics\\src\\modules\\metrics\\metrics.controller.js": {"lines":{"total":41,"covered":33,"skipped":0,"pct":80.48},"functions":{"total":2,"covered":2,"skipped":0,"pct":100},"statements":{"total":41,"covered":33,"skipped":0,"pct":80.48},"branches":{"total":6,"covered":4,"skipped":0,"pct":66.66}}
,"C:\\Users\\ASUS\\Desktop\\distrbuted PM2\\pm3-integration\\services\\metrics\\src\\modules\\metrics\\metrics.repository.js": {"lines":{"total":35,"covered":35,"skipped":0,"pct":100},"functions":{"total":2,"covered":2,"skipped":0,"pct":100},"statements":{"total":35,"covered":35,"skipped":0,"pct":100},"branches":{"total":2,"covered":2,"skipped":0,"pct":100}}
,"C:\\Users\\ASUS\\Desktop\\distrbuted PM2\\pm3-integration\\services\\metrics\\src\\modules\\metrics\\metrics.routes.js": {"lines":{"total":6,"covered":6,"skipped":0,"pct":100},"functions":{"total":0,"covered":0,"skipped":0,"pct":100},"statements":{"total":6,"covered":6,"skipped":0,"pct":100},"branches":{"total":0,"covered":0,"skipped":0,"pct":100}}
,"C:\\Users\\ASUS\\Desktop\\distrbuted PM2\\pm3-integration\\services\\metrics\\src\\modules\\metrics\\metrics.schema.js": {"lines":{"total":9,"covered":9,"skipped":0,"pct":100},"functions":{"total":0,"covered":0,"skipped":0,"pct":100},"statements":{"total":9,"covered":9,"skipped":0,"pct":100},"branches":{"total":0,"covered":0,"skipped":0,"pct":100}}
,"C:\\Users\\ASUS\\Desktop\\distrbuted PM2\\pm3-integration\\services\\metrics\\src\\modules\\metrics\\metrics.service.js": {"lines":{"total":34,"covered":34,"skipped":0,"pct":100},"functions":{"total":2,"covered":2,"skipped":0,"pct":100},"statements":{"total":34,"covered":34,"skipped":0,"pct":100},"branches":{"total":6,"covered":5,"skipped":0,"pct":83.33}}
,"C:\\Users\\ASUS\\Desktop\\distrbuted PM2\\pm3-integration\\services\\metrics\\src\\modules\\system\\system.routes.js": {"lines":{"total":37,"covered":14,"skipped":0,"pct":37.83},"functions":{"total":0,"covered":0,"skipped":0,"pct":100},"statements":{"total":37,"covered":14,"skipped":0,"pct":37.83},"branches":{"total":1,"covered":1,"skipped":0,"pct":100}}
,"C:\\Users\\ASUS\\Desktop\\distrbuted PM2\\pm3-integration\\services\\metrics\\src\\observability\\metrics.js": {"lines":{"total":47,"covered":45,"skipped":0,"pct":95.74},"functions":{"total":3,"covered":2,"skipped":0,"pct":66.66},"statements":{"total":47,"covered":45,"skipped":0,"pct":95.74},"branches":{"total":5,"covered":4,"skipped":0,"pct":80}}
,"C:\\Users\\ASUS\\Desktop\\distrbuted PM2\\pm3-integration\\services\\metrics\\src\\observability\\tracing.js": {"lines":{"total":30,"covered":0,"skipped":0,"pct":0},"functions":{"total":1,"covered":0,"skipped":0,"pct":0},"statements":{"total":30,"covered":0,"skipped":0,"pct":0},"branches":{"total":1,"covered":0,"skipped":0,"pct":0}}
}
