{"total": {"lines":{"total":656,"covered":410,"skipped":0,"pct":62.5},"statements":{"total":656,"covered":410,"skipped":0,"pct":62.5},"functions":{"total":30,"covered":20,"skipped":0,"pct":66.66},"branches":{"total":48,"covered":29,"skipped":0,"pct":60.41},"branchesTrue":{"total":0,"covered":0,"skipped":0,"pct":100}}
,"C:\\Users\\ASUS\\Desktop\\distrbuted PM2\\pm3-integration\\services\\notification\\ecosystem.config.cjs": {"lines":{"total":16,"covered":0,"skipped":0,"pct":0},"functions":{"total":1,"covered":0,"skipped":0,"pct":0},"statements":{"total":16,"covered":0,"skipped":0,"pct":0},"branches":{"total":1,"covered":0,"skipped":0,"pct":0}}
,"C:\\Users\\ASUS\\Desktop\\distrbuted PM2\\pm3-integration\\services\\notification\\src\\server.js": {"lines":{"total":40,"covered":0,"skipped":0,"pct":0},"functions":{"total":1,"covered":0,"skipped":0,"pct":0},"statements":{"total":40,"covered":0,"skipped":0,"pct":0},"branches":{"total":1,"covered":0,"skipped":0,"pct":0}}
,"C:\\Users\\ASUS\\Desktop\\distrbuted PM2\\pm3-integration\\services\\notification\\src\\api\\app.js": {"lines":{"total":22,"covered":16,"skipped":0,"pct":72.72},"functions":{"total":1,"covered":1,"skipped":0,"pct":100},"statements":{"total":22,"covered":16,"skipped":0,"pct":72.72},"branches":{"total":1,"covered":1,"skipped":0,"pct":100}}
,"C:\\Users\\ASUS\\Desktop\\distrbuted PM2\\pm3-integration\\services\\notification\\src\\config\\env.js": {"lines":{"total":32,"covered":30,"skipped":0,"pct":93.75},"functions":{"total":0,"covered":0,"skipped":0,"pct":100},"statements":{"total":32,"covered":30,"skipped":0,"pct":93.75},"branches":{"total":3,"covered":2,"skipped":0,"pct":66.66}}
,"C:\\Users\\ASUS\\Desktop\\distrbuted PM2\\pm3-integration\\services\\notification\\src\\db\\migrate.js": {"lines":{"total":33,"covered":23,"skipped":0,"pct":69.69},"functions":{"total":1,"covered":1,"skipped":0,"pct":100},"statements":{"total":33,"covered":23,"skipped":0,"pct":69.69},"branches":{"total":2,"covered":1,"skipped":0,"pct":50}}
,"C:\\Users\\ASUS\\Desktop\\distrbuted PM2\\pm3-integration\\services\\notification\\src\\db\\pool.js": {"lines":{"total":5,"covered":5,"skipped":0,"pct":100},"functions":{"total":0,"covered":0,"skipped":0,"pct":100},"statements":{"total":5,"covered":5,"skipped":0,"pct":100},"branches":{"total":0,"covered":0,"skipped":0,"pct":100}}
,"C:\\Users\\ASUS\\Desktop\\distrbuted PM2\\pm3-integration\\services\\notification\\src\\docs\\openapi.js": {"lines":{"total":79,"covered":79,"skipped":0,"pct":100},"functions":{"total":0,"covered":0,"skipped":0,"pct":100},"statements":{"total":79,"covered":79,"skipped":0,"pct":100},"branches":{"total":0,"covered":0,"skipped":0,"pct":100}}
,"C:\\Users\\ASUS\\Desktop\\distrbuted PM2\\pm3-integration\\services\\notification\\src\\events\\kafka.js": {"lines":{"total":65,"covered":0,"skipped":0,"pct":0},"functions":{"total":1,"covered":0,"skipped":0,"pct":0},"statements":{"total":65,"covered":0,"skipped":0,"pct":0},"branches":{"total":1,"covered":0,"skipped":0,"pct":0}}
,"C:\\Users\\ASUS\\Desktop\\distrbuted PM2\\pm3-integration\\services\\notification\\src\\events\\runtime-state.js": {"lines":{"total":9,"covered":7,"skipped":0,"pct":77.77},"functions":{"total":2,"covered":1,"skipped":0,"pct":50},"statements":{"total":9,"covered":7,"skipped":0,"pct":77.77},"branches":{"total":1,"covered":1,"skipped":0,"pct":100}}
,"C:\\Users\\ASUS\\Desktop\\distrbuted PM2\\pm3-integration\\services\\notification\\src\\lib\\http.js": {"lines":{"total":43,"covered":43,"skipped":0,"pct":100},"functions":{"total":4,"covered":4,"skipped":0,"pct":100},"statements":{"total":43,"covered":43,"skipped":0,"pct":100},"branches":{"total":7,"covered":4,"skipped":0,"pct":57.14}}
,"C:\\Users\\ASUS\\Desktop\\distrbuted PM2\\pm3-integration\\services\\notification\\src\\lib\\logger.js": {"lines":{"total":11,"covered":11,"skipped":0,"pct":100},"functions":{"total":1,"covered":1,"skipped":0,"pct":100},"statements":{"total":11,"covered":11,"skipped":0,"pct":100},"branches":{"total":2,"covered":1,"skipped":0,"pct":50}}
,"C:\\Users\\ASUS\\Desktop\\distrbuted PM2\\pm3-integration\\services\\notification\\src\\modules\\notifications\\notification.controller.js": {"lines":{"total":47,"covered":27,"skipped":0,"pct":57.44},"functions":{"total":2,"covered":2,"skipped":0,"pct":100},"statements":{"total":47,"covered":27,"skipped":0,"pct":57.44},"branches":{"total":6,"covered":4,"skipped":0,"pct":66.66}}
,"C:\\Users\\ASUS\\Desktop\\distrbuted PM2\\pm3-integration\\services\\notification\\src\\modules\\notifications\\notification.events.js": {"lines":{"total":48,"covered":27,"skipped":0,"pct":56.25},"functions":{"total":6,"covered":2,"skipped":0,"pct":33.33},"statements":{"total":48,"covered":27,"skipped":0,"pct":56.25},"branches":{"total":6,"covered":4,"skipped":0,"pct":66.66}}
,"C:\\Users\\ASUS\\Desktop\\distrbuted PM2\\pm3-integration\\services\\notification\\src\\modules\\notifications\\notification.repository.js": {"lines":{"total":32,"covered":32,"skipped":0,"pct":100},"functions":{"total":2,"covered":2,"skipped":0,"pct":100},"statements":{"total":32,"covered":32,"skipped":0,"pct":100},"branches":{"total":5,"covered":2,"skipped":0,"pct":40}}
,"C:\\Users\\ASUS\\Desktop\\distrbuted PM2\\pm3-integration\\services\\notification\\src\\modules\\notifications\\notification.routes.js": {"lines":{"total":4,"covered":4,"skipped":0,"pct":100},"functions":{"total":0,"covered":0,"skipped":0,"pct":100},"statements":{"total":4,"covered":4,"skipped":0,"pct":100},"branches":{"total":0,"covered":0,"skipped":0,"pct":100}}
,"C:\\Users\\ASUS\\Desktop\\distrbuted PM2\\pm3-integration\\services\\notification\\src\\modules\\notifications\\notification.schema.js": {"lines":{"total":8,"covered":8,"skipped":0,"pct":100},"functions":{"total":0,"covered":0,"skipped":0,"pct":100},"statements":{"total":8,"covered":8,"skipped":0,"pct":100},"branches":{"total":0,"covered":0,"skipped":0,"pct":100}}
,"C:\\Users\\ASUS\\Desktop\\distrbuted PM2\\pm3-integration\\services\\notification\\src\\modules\\notifications\\notification.service.js": {"lines":{"total":57,"covered":45,"skipped":0,"pct":78.94},"functions":{"total":4,"covered":4,"skipped":0,"pct":100},"statements":{"total":57,"covered":45,"skipped":0,"pct":78.94},"branches":{"total":5,"covered":4,"skipped":0,"pct":80}}
,"C:\\Users\\ASUS\\Desktop\\distrbuted PM2\\pm3-integration\\services\\notification\\src\\modules\\system\\system.routes.js": {"lines":{"total":28,"covered":8,"skipped":0,"pct":28.57},"functions":{"total":0,"covered":0,"skipped":0,"pct":100},"statements":{"total":28,"covered":8,"skipped":0,"pct":28.57},"branches":{"total":1,"covered":1,"skipped":0,"pct":100}}
,"C:\\Users\\ASUS\\Desktop\\distrbuted PM2\\pm3-integration\\services\\notification\\src\\observability\\metrics.js": {"lines":{"total":47,"covered":45,"skipped":0,"pct":95.74},"functions":{"total":3,"covered":2,"skipped":0,"pct":66.66},"statements":{"total":47,"covered":45,"skipped":0,"pct":95.74},"branches":{"total":5,"covered":4,"skipped":0,"pct":80}}
,"C:\\Users\\ASUS\\Desktop\\distrbuted PM2\\pm3-integration\\services\\notification\\src\\observability\\tracing.js": {"lines":{"total":30,"covered":0,"skipped":0,"pct":0},"functions":{"total":1,"covered":0,"skipped":0,"pct":0},"statements":{"total":30,"covered":0,"skipped":0,"pct":0},"branches":{"total":1,"covered":0,"skipped":0,"pct":0}}
}
